<?xml version="1.0" encoding="UTF-8"?>
<!-- Generated by org.testng.reporters.JUnitReportReporter -->
<testsuite hostname="DESKTOP-9HD1UFT" failures="0" tests="1" name="driverFactory.AppTest" time="96.925" errors="0" timestamp="2024-01-25T18:08:12 IST" skipped="0">
  <testcase classname="driverFactory.AppTest" name="KickStart" time="96.925">
    <system-out>
      <![CDATA[Stock-000000164    Stock-000000164
Supplier-00000001036     Supplier-00000001036
Customer-00000000902     Customer-00000000902]]>
    </system-out>
  </testcase> <!-- KickStart -->
  <system-out>
    <![CDATA[Stock-000000164    Stock-000000164
Supplier-00000001036     Supplier-00000001036
Customer-00000000902     Customer-00000000902]]>
  </system-out>
</testsuite> <!-- driverFactory.AppTest -->
